<?xml version="1.0" encoding="UTF-8"?>
<testng-results skipped="0" failed="0" ignored="0" total="1" passed="1">
  <reporter-output>
  </reporter-output>
  <suite name="Default suite" duration-ms="8801" started-at="2025-11-17T02:36:32Z" finished-at="2025-11-17T02:36:40Z">
    <groups>
    </groups>
    <test name="Default test" duration-ms="8801" started-at="2025-11-17T02:36:32Z" finished-at="2025-11-17T02:36:40Z">
      <class name="com.flipkart.testexecution.Flipkartlogintest">
        <test-method status="PASS" signature="setup()[pri:0, instance:com.flipkart.testexecution.Flipkartlogintest@6379eb]" name="setup" is-config="true" duration-ms="5908" started-at="2025-11-17T02:36:32Z" finished-at="2025-11-17T02:36:38Z">
          <reporter-output>
          </reporter-output>
        </test-method> <!-- setup -->
        <test-method status="PASS" signature="loginvalidatedata()[pri:0, instance:com.flipkart.testexecution.Flipkartlogintest@6379eb]" name="loginvalidatedata" duration-ms="2844" started-at="2025-11-17T02:36:38Z" finished-at="2025-11-17T02:36:40Z">
          <reporter-output>
          </reporter-output>
        </test-method> <!-- loginvalidatedata -->
      </class> <!-- com.flipkart.testexecution.Flipkartlogintest -->
    </test> <!-- Default test -->
  </suite> <!-- Default suite -->
</testng-results>
